<?xml version="1.0" encoding="UTF-8"?>
<Site BuildName="Win32-mingw32-make"
	BuildStamp="20240217-1035-Experimental"
	Name="DESKTOP-LHCI9T7"
	Generator="ctest-3.26.4"
	CompilerName="C:/MinGW/bin/g++.exe"
	CompilerVersion="6.3.0"
	OSName="Windows"
	Hostname="DESKTOP-LHCI9T7"
	OSRelease=" Professional"
	OSVersion=" (Build 9200)"
	OSPlatform="AMD64"
	Is64Bits="1"
	VendorString=""
	VendorID="Unknown Manufacturer"
	FamilyID="0"
	ModelID="0"
	ProcessorCacheSize="0"
	NumberOfLogicalCPU="16"
	NumberOfPhysicalCPU="8"
	TotalVirtualMemory="37558"
	TotalPhysicalMemory="32694"
	LogicalProcessorsPerPhysical="2"
	ProcessorClockFrequency="3400"
	>
	<Testing>
		<StartDateTime>Feb 17 13:35 Russia TZ 2 Standard Time</StartDateTime>
		<StartTestTime>1708166158</StartTestTime>
		<TestList/>
		<EndDateTime>Feb 17 13:35 Russia TZ 2 Standard Time</EndDateTime>
		<EndTestTime>1708166158</EndTestTime>
		<ElapsedMinutes>0</ElapsedMinutes>
	</Testing>
</Site>
